2017-09-25 16:05:50,409 P2724 [INFO] ************************************************************
2017-09-25 16:05:50,409 P2724 [INFO] ConfigSet _OnInstanceBoot
2017-09-25 16:05:50,414 P2724 [INFO] ++++++++++++++++++++++++++++++++++++++++++++++++++++++++++++
2017-09-25 16:05:50,414 P2724 [INFO] Config AWSEBBaseConfig
2017-09-25 16:05:50,415 P2724 [INFO] ============================================================
2017-09-25 16:05:50,415 P2724 [INFO] Command clearbackupfiles
2017-09-25 16:05:50,418 P2724 [INFO] Completed successfully.
2017-09-25 16:05:50,424 P2724 [INFO] ++++++++++++++++++++++++++++++++++++++++++++++++++++++++++++
2017-09-25 16:05:50,424 P2724 [INFO] Config AWSEBMessageOfTheDay
2017-09-25 16:05:50,425 P2724 [INFO] ============================================================
2017-09-25 16:05:50,425 P2724 [INFO] Command 01clearoriginal
2017-09-25 16:05:50,427 P2724 [INFO] Completed successfully.
2017-09-25 16:05:50,428 P2724 [INFO] ============================================================
2017-09-25 16:05:50,428 P2724 [INFO] Command 02createbanner
2017-09-25 16:05:50,431 P2724 [INFO] Completed successfully.
2017-09-25 16:05:50,432 P2724 [INFO] ============================================================
2017-09-25 16:05:50,432 P2724 [INFO] Command 03updatebanner
2017-09-25 16:05:50,440 P2724 [INFO] Completed successfully.
2017-09-25 16:05:50,446 P2724 [INFO] ++++++++++++++++++++++++++++++++++++++++++++++++++++++++++++
2017-09-25 16:05:50,446 P2724 [INFO] Config AWSEBULimitConfig
2017-09-25 16:05:50,447 P2724 [INFO] ============================================================
2017-09-25 16:05:50,447 P2724 [INFO] Command 00removebackup
2017-09-25 16:05:50,449 P2724 [INFO] Completed successfully.
2017-09-25 16:05:50,454 P2724 [INFO] ++++++++++++++++++++++++++++++++++++++++++++++++++++++++++++
2017-09-25 16:05:50,454 P2724 [INFO] Config Infra-InstallContainerHooksPkg
2017-09-25 16:05:50,455 P2724 [INFO] ============================================================
2017-09-25 16:05:50,455 P2724 [INFO] Command 00mkdir
2017-09-25 16:05:50,460 P2724 [INFO] Completed successfully.
2017-09-25 16:05:50,460 P2724 [INFO] ============================================================
2017-09-25 16:05:50,460 P2724 [INFO] Command 01download_container_hooks
2017-09-25 16:05:50,543 P2724 [INFO] Completed successfully.
2017-09-25 16:05:50,543 P2724 [INFO] ============================================================
2017-09-25 16:05:50,544 P2724 [INFO] Command 02install_container_hooks
2017-09-25 16:05:50,550 P2724 [INFO] Completed successfully.
2017-09-25 16:05:50,550 P2724 [INFO] ============================================================
2017-09-25 16:05:50,550 P2724 [INFO] Command 03cleanup
2017-09-25 16:05:50,552 P2724 [INFO] Completed successfully.
2017-09-25 16:05:50,558 P2724 [INFO] ++++++++++++++++++++++++++++++++++++++++++++++++++++++++++++
2017-09-25 16:05:50,558 P2724 [INFO] Config Infra-WriteLeaderTestScript
2017-09-25 16:05:50,563 P2724 [INFO] ++++++++++++++++++++++++++++++++++++++++++++++++++++++++++++
2017-09-25 16:05:50,563 P2724 [INFO] Config Infra-WriteTailLogsConf
2017-09-25 16:05:50,568 P2724 [INFO] ++++++++++++++++++++++++++++++++++++++++++++++++++++++++++++
2017-09-25 16:05:50,568 P2724 [INFO] Config Infra-WriteSystemTailLogsConf
2017-09-25 16:05:50,573 P2724 [INFO] ++++++++++++++++++++++++++++++++++++++++++++++++++++++++++++
2017-09-25 16:05:50,573 P2724 [INFO] Config Infra-WriteBundleLogsConf
2017-09-25 16:05:50,582 P2724 [INFO] ++++++++++++++++++++++++++++++++++++++++++++++++++++++++++++
2017-09-25 16:05:50,582 P2724 [INFO] Config Infra-WritePublishLogsConf
2017-09-25 16:05:50,586 P2724 [INFO] ++++++++++++++++++++++++++++++++++++++++++++++++++++++++++++
2017-09-25 16:05:50,586 P2724 [INFO] Config Infra-WritePublishLogsCron
2017-09-25 16:07:00,090 P3054 [INFO] ************************************************************
2017-09-25 16:07:00,090 P3054 [INFO] ConfigSet Infra-EmbeddedPreBuild
2017-09-25 16:07:01,102 P3103 [INFO] ************************************************************
2017-09-25 16:07:01,102 P3103 [INFO] ConfigSet Infra-EmbeddedPostBuild
