[2017-09-25T16:05:48Z] Started EB User Data
+ SLEEP_TIME=10
+ SLEEP_TIME_MAX=3600
+ true
+ curl https://s3.dualstack.ca-central-1.amazonaws.com/elasticbeanstalk-env-resources-ca-central-1/stalks/eb_java_1.0.71.0/lib/UserDataScript.sh
  % Total    % Received % Xferd  Average Speed   Time    Time     Time  Current
                                 Dload  Upload   Total   Spent    Left  Speed
  0     0    0     0    0     0      0      0 --:--:-- --:--:-- --:--:--     0100 12484  100 12484    0     0  87611      0 --:--:-- --:--:-- --:--:-- 87915
+ RESULT=0
+ [[ 0 -ne 0 ]]
+ /bin/bash /tmp/ebbootstrap.sh https://s3.dualstack.ca-central-1.amazonaws.com/elasticbeanstalk-env-resources-ca-central-1/stalks/eb_java_1.0.71.0/lib/aws-elasticbeanstalk-tools-1.20-1.noarch.rpm 'https://s3.dualstack.ca-central-1.amazonaws.com/elasticbeanstalk-env-resources-ca-central-1/stalks/eb_java_1.0.71.0/lib/awseb-ruby-2.2.4-x86_64-20160503_1008.tar.gz https://s3.dualstack.ca-central-1.amazonaws.com/elasticbeanstalk-env-resources-ca-central-1/stalks/eb_java_1.0.71.0/lib/basehooks.tar.gz' 'https://s3.dualstack.ca-central-1.amazonaws.com/elasticbeanstalk-env-resources-ca-central-1/stalks/eb_java_1.0.71.0/lib/beanstalk-core-2.11.gem https://s3.dualstack.ca-central-1.amazonaws.com/elasticbeanstalk-env-resources-ca-central-1/stalks/eb_java_1.0.71.0/lib/beanstalk-core-healthd-1.1.gem https://s3.dualstack.ca-central-1.amazonaws.com/elasticbeanstalk-env-resources-ca-central-1/stalks/eb_java_1.0.71.0/lib/executor-1.2.gem' 'https://cloudformation-waitcondition-ca-central-1.s3.ca-central-1.amazonaws.com/arn%3Aaws%3Acloudformation%3Aca-central-1%3A258687909003%3Astack/awseb-e-xn2muhxawc-stack/435c1e60-a20b-11e7-bc6d-504dce1555d2/AWSEBInstanceLaunchWaitHandle?X-Amz-Algorithm=AWS4-HMAC-SHA256&X-Amz-Date=20170925T160455Z&X-Amz-SignedHeaders=host&X-Amz-Expires=86399&X-Amz-Credential=AKIAJFO3RJQ77XHOUFOA%2F20170925%2Fca-central-1%2Fs3%2Faws4_request&X-Amz-Signature=8e73bc208902ac45da2ceeade725f0a6c1f1d7172a5da30e72432e6aa12f0530' arn:aws:cloudformation:ca-central-1:258687909003:stack/awseb-e-xn2muhxawc-stack/435c1e60-a20b-11e7-bc6d-504dce1555d2 ca-central-1 b41a430778bb 2c707ed6-00d6-4229-b375-9d50ca613a40 '' nginx ''
[2017-09-25T16:05:48.181Z] Started EB Bootstrapping Script.
[2017-09-25T16:05:48.218Z] Received parameters:
 RPMS = https://s3.dualstack.ca-central-1.amazonaws.com/elasticbeanstalk-env-resources-ca-central-1/stalks/eb_java_1.0.71.0/lib/aws-elasticbeanstalk-tools-1.20-1.noarch.rpm
 TARBALLS = https://s3.dualstack.ca-central-1.amazonaws.com/elasticbeanstalk-env-resources-ca-central-1/stalks/eb_java_1.0.71.0/lib/awseb-ruby-2.2.4-x86_64-20160503_1008.tar.gz https://s3.dualstack.ca-central-1.amazonaws.com/elasticbeanstalk-env-resources-ca-central-1/stalks/eb_java_1.0.71.0/lib/basehooks.tar.gz
 EB_GEMS = https://s3.dualstack.ca-central-1.amazonaws.com/elasticbeanstalk-env-resources-ca-central-1/stalks/eb_java_1.0.71.0/lib/beanstalk-core-2.11.gem https://s3.dualstack.ca-central-1.amazonaws.com/elasticbeanstalk-env-resources-ca-central-1/stalks/eb_java_1.0.71.0/lib/beanstalk-core-healthd-1.1.gem https://s3.dualstack.ca-central-1.amazonaws.com/elasticbeanstalk-env-resources-ca-central-1/stalks/eb_java_1.0.71.0/lib/executor-1.2.gem
 SIGNAL_URL = https://cloudformation-waitcondition-ca-central-1.s3.ca-central-1.amazonaws.com/arn%3Aaws%3Acloudformation%3Aca-central-1%3A258687909003%3Astack/awseb-e-xn2muhxawc-stack/435c1e60-a20b-11e7-bc6d-504dce1555d2/AWSEBInstanceLaunchWaitHandle?X-Amz-Algorithm=AWS4-HMAC-SHA256&X-Amz-Date=20170925T160455Z&X-Amz-SignedHeaders=host&X-Amz-Expires=86399&X-Amz-Credential=AKIAJFO3RJQ77XHOUFOA%2F20170925%2Fca-central-1%2Fs3%2Faws4_request&X-Amz-Signature=8e73bc208902ac45da2ceeade725f0a6c1f1d7172a5da30e72432e6aa12f0530
 STACK_ID = arn:aws:cloudformation:ca-central-1:258687909003:stack/awseb-e-xn2muhxawc-stack/435c1e60-a20b-11e7-bc6d-504dce1555d2
 REGION = ca-central-1
 GUID = b41a430778bb
 HEALTHD_GROUP_ID = 2c707ed6-00d6-4229-b375-9d50ca613a40
 HEALTHD_ENDPOINT = 
 PROXY_SERVER = nginx
 HEALTHD_PROXY_LOG_LOCATION =
[2017-09-25T16:05:48.228Z] Synchronizing network time in background.
[2017-09-25T16:05:48.275Z] yum repo has already been locked to b41a430778bb.
[2017-09-25T16:05:48.280Z] yum update has already been done.
Shutting down ntpd: [2017-09-25T16:05:48.335Z] Completed creating AWS EB users and groups.
[2017-09-25T16:05:48.344Z] Started executing install_rpms https://s3.dualstack.ca-central-1.amazonaws.com/elasticbeanstalk-env-resources-ca-central-1/stalks/eb_java_1.0.71.0/lib/aws-elasticbeanstalk-tools-1.20-1.noarch.rpm.
[2017-09-25T16:05:48.353Z] Installing RPM: https://s3.dualstack.ca-central-1.amazonaws.com/elasticbeanstalk-env-resources-ca-central-1/stalks/eb_java_1.0.71.0/lib/aws-elasticbeanstalk-tools-1.20-1.noarch.rpm.
[2017-09-25T16:05:48.414Z] aws-elasticbeanstalk-tools-1.20-1.noarch has already been installed. Skip installing.
[  OK  ]
[2017-09-25T16:05:48.420Z] Command Returned: 
[2017-09-25T16:05:48.426Z] Completed executing install_rpms.
[2017-09-25T16:05:48.430Z] Started executing install_tarballs https://s3.dualstack.ca-central-1.amazonaws.com/elasticbeanstalk-env-resources-ca-central-1/stalks/eb_java_1.0.71.0/lib/awseb-ruby-2.2.4-x86_64-20160503_1008.tar.gz https://s3.dualstack.ca-central-1.amazonaws.com/elasticbeanstalk-env-resources-ca-central-1/stalks/eb_java_1.0.71.0/lib/basehooks.tar.gz.
[2017-09-25T16:05:48.444Z] Installing tarball: https://s3.dualstack.ca-central-1.amazonaws.com/elasticbeanstalk-env-resources-ca-central-1/stalks/eb_java_1.0.71.0/lib/awseb-ruby-2.2.4-x86_64-20160503_1008.tar.gz.
[2017-09-25T16:05:48.454Z] awseb-ruby-2.2.4-x86_64-20160503_1008.tar.gz has already been installed. Skip installing.
[2017-09-25T16:05:48.460Z] Installing tarball: https://s3.dualstack.ca-central-1.amazonaws.com/elasticbeanstalk-env-resources-ca-central-1/stalks/eb_java_1.0.71.0/lib/basehooks.tar.gz.
[2017-09-25T16:05:48.586Z] Command Returned: 

2017-09-25 16:05:48 URL:https://s3.dualstack.ca-central-1.amazonaws.com/elasticbeanstalk-env-resources-ca-central-1/stalks/eb_java_1.0.71.0/lib/basehooks.tar.gz [5725/5725] -> "/tmp/basehooks.tar.gz" [1]
[2017-09-25T16:05:48.598Z] Completed executing install_tarballs.
[2017-09-25T16:05:48.599Z] Started executing install_eb_gems https://s3.dualstack.ca-central-1.amazonaws.com/elasticbeanstalk-env-resources-ca-central-1/stalks/eb_java_1.0.71.0/lib/beanstalk-core-2.11.gem https://s3.dualstack.ca-central-1.amazonaws.com/elasticbeanstalk-env-resources-ca-central-1/stalks/eb_java_1.0.71.0/lib/beanstalk-core-healthd-1.1.gem https://s3.dualstack.ca-central-1.amazonaws.com/elasticbeanstalk-env-resources-ca-central-1/stalks/eb_java_1.0.71.0/lib/executor-1.2.gem.
[2017-09-25T16:05:48.621Z] Installing EB Gem: https://s3.dualstack.ca-central-1.amazonaws.com/elasticbeanstalk-env-resources-ca-central-1/stalks/eb_java_1.0.71.0/lib/beanstalk-core-2.11.gem.
[2017-09-25T16:05:49.449Z] beanstalk-core-2.11 has already been installed. Skip installing.
[2017-09-25T16:05:49.454Z] Installing EB Gem: https://s3.dualstack.ca-central-1.amazonaws.com/elasticbeanstalk-env-resources-ca-central-1/stalks/eb_java_1.0.71.0/lib/beanstalk-core-healthd-1.1.gem.
[2017-09-25T16:05:49.616Z] beanstalk-core-healthd-1.1 has already been installed. Skip installing.
[2017-09-25T16:05:49.622Z] Installing EB Gem: https://s3.dualstack.ca-central-1.amazonaws.com/elasticbeanstalk-env-resources-ca-central-1/stalks/eb_java_1.0.71.0/lib/executor-1.2.gem.
[2017-09-25T16:05:49.783Z] executor-1.2 has already been installed. Skip installing.
[2017-09-25T16:05:49.789Z] Command Returned: 
[2017-09-25T16:05:49.792Z] Completed executing install_eb_gems.
[2017-09-25T16:05:49.797Z] Starting healthd
initctl: Unknown instance: 
healthd start/running, process 2709
[2017-09-25T16:05:50.010Z] First init of instance.
[2017-09-25T16:05:50.018Z] Started executing cfn_init _OnInstanceBoot first_init.
[2017-09-25T16:05:50.026Z] Running cfn-init ConfigSet: _OnInstanceBoot.
[2017-09-25T16:05:50.599Z] Command Returned: 
[2017-09-25T16:05:50.603Z] Completed executing cfn_init.
[2017-09-25T16:05:50.679Z] Check whether controlled by launch workflow...
[2017-09-25T16:05:50.997Z] Worflow running.
[2017-09-25T16:05:51.001Z] Workflow controlled instance. Running container provisioning...
[2017-09-25T16:05:51.007Z] Started executing start_cfn_hup.
[2017-09-25T16:05:51.010Z] Starting cfn-hup.
[2017-09-25T16:05:51.016Z] Command Returned: cfn-hup start/running, process 2789
[2017-09-25T16:05:51.030Z] Completed executing start_cfn_hup.
[2017-09-25T16:05:51.038Z] Started executing run_eb_command { "api_version" : "1.0", "request_id": "0", "command_name": "CMD-PreInit" } .
[2017-09-25T16:05:51.046Z] Running EB Command: { "api_version" : "1.0", "request_id": "0", "command_name": "CMD-PreInit" } .
[2017-09-25T16:05:54.447Z] Command Returned: {"status":"SUCCESS","api_version":"1.0","results":[{"status":"SUCCESS","msg":"","returncode":0,"events":[]}]}
[2017-09-25T16:05:54.453Z] Completed executing run_eb_command.
[2017-09-25T16:05:54.457Z] Successfully bootstrapped instance.
[2017-09-25T16:05:54.546Z] Sending signal 0 to CFN wait condition https://cloudformation-waitcondition-ca-central-1.s3.ca-central-1.amazonaws.com/arn%3Aaws%3Acloudformation%3Aca-central-1%3A258687909003%3Astack/awseb-e-xn2muhxawc-stack/435c1e60-a20b-11e7-bc6d-504dce1555d2/AWSEBInstanceLaunchWaitHandle?X-Amz-Algorithm=AWS4-HMAC-SHA256&X-Amz-Date=20170925T160455Z&X-Amz-SignedHeaders=host&X-Amz-Expires=86399&X-Amz-Credential=AKIAJFO3RJQ77XHOUFOA%2F20170925%2Fca-central-1%2Fs3%2Faws4_request&X-Amz-Signature=8e73bc208902ac45da2ceeade725f0a6c1f1d7172a5da30e72432e6aa12f0530
CloudFormation signaled successfully with SUCCESS.
[2017-09-25T16:05:54.751Z] Tailing /var/log/eb-commandprocessor.log

******************* eb-commandprocessor taillog *******************
[2017-09-25T16:05:51.319Z] DEBUG [2799]  : Checking if the received command stage is valid..
[2017-09-25T16:05:51.319Z] INFO  [2799]  : No stage_num in command. Valid stage..
[2017-09-25T16:05:51.319Z] INFO  [2799]  : Received command CMD-PreInit: 
{
  "api_version" : "1.0",
  "request_id": "0",
  "command_name": "CMD-PreInit"
}

[2017-09-25T16:05:51.319Z] INFO  [2799]  : Command processor should execute command.
[2017-09-25T16:05:51.319Z] DEBUG [2799]  : Storing current stage..
[2017-09-25T16:05:51.320Z] DEBUG [2799]  : Stage_num does not exist. Not saving null stage. Returning..
[2017-09-25T16:05:51.320Z] DEBUG [2799]  : Reading config file: /etc/elasticbeanstalk/.aws-eb-stack.properties
[2017-09-25T16:05:51.320Z] DEBUG [2799]  : Retrieving metadata for key: AWS::ElasticBeanstalk::Ext||_ContainerConfigFileContent||commands..
[2017-09-25T16:05:51.320Z] DEBUG [2799]  : Retrieving metadata for key: AWS::ElasticBeanstalk::Ext||_API||_Commands..
[2017-09-25T16:05:51.321Z] INFO  [2799]  : Found enabled addons: ["logstreaming", "logpublish"].
[2017-09-25T16:05:51.322Z] INFO  [2799]  : Updating Command definition of addon logstreaming.
[2017-09-25T16:05:51.322Z] INFO  [2799]  : Updating Command definition of addon logpublish.
[2017-09-25T16:05:51.322Z] DEBUG [2799]  : Refreshing metadata...
[2017-09-25T16:05:51.322Z] DEBUG [2799]  : Using cached environment metadata.
[2017-09-25T16:05:51.322Z] INFO  [2799]  : Recreated directory /opt/elasticbeanstalk/deploy/configuration/.
[2017-09-25T16:05:51.322Z] DEBUG [2799]  : Retrieving metadata for key: AWS::ElasticBeanstalk::Ext||_AppSourceUrlFileContent||url..
[2017-09-25T16:05:51.323Z] INFO  [2799]  : Created appsource url file at /opt/elasticbeanstalk/deploy/configuration/appsourceurl.
[2017-09-25T16:05:51.323Z] DEBUG [2799]  : Retrieving metadata for key: AWS::ElasticBeanstalk::Ext||_ContainerConfigFileContent..
[2017-09-25T16:05:51.324Z] INFO  [2799]  : Created container config file at /opt/elasticbeanstalk/deploy/configuration/containerconfiguration.
[2017-09-25T16:05:51.324Z] DEBUG [2799]  : Retrieving metadata for key: AWS::ElasticBeanstalk::Ext||_ContainerConfigFileContent||commands..
[2017-09-25T16:05:51.325Z] DEBUG [2799]  : Retrieving metadata for key: AWS::ElasticBeanstalk::Ext||_API||_Commands..
[2017-09-25T16:05:51.325Z] INFO  [2799]  : Found enabled addons: ["logstreaming", "logpublish"].
[2017-09-25T16:05:51.326Z] INFO  [2799]  : Updating Command definition of addon logstreaming.
[2017-09-25T16:05:51.326Z] INFO  [2799]  : Updating Command definition of addon logpublish.
[2017-09-25T16:05:51.326Z] DEBUG [2799]  : Retrieving metadata for key: AWS::CloudFormation::Init||Infra-WriteApplication2||files..
[2017-09-25T16:05:51.326Z] DEBUG [2799]  : Retrieving metadata for key: AWS::ElasticBeanstalk::Ext||ManifestFileS3Key..
[2017-09-25T16:05:51.504Z] INFO  [2799]  : Finding latest manifest from bucket 'elasticbeanstalk-ca-central-1-258687909003' with prefix 'resources/environments/e-xn2muhxawc/_runtime/versions/manifest_'.
[2017-09-25T16:05:51.652Z] INFO  [2799]  : Found manifest with key 'resources/environments/e-xn2muhxawc/_runtime/versions/manifest_1506355491131'.
[2017-09-25T16:05:51.663Z] INFO  [2799]  : Updated manifest cache: deployment ID 1 and serial 1.
[2017-09-25T16:05:51.663Z] DEBUG [2799]  : Loaded definition of Command CMD-PreInit.
[2017-09-25T16:05:51.663Z] INFO  [2799]  : Executing Initialization
[2017-09-25T16:05:51.663Z] INFO  [2799]  : Executing command: CMD-PreInit...
[2017-09-25T16:05:51.664Z] INFO  [2799]  : Executing command CMD-PreInit activities...
[2017-09-25T16:05:51.664Z] DEBUG [2799]  : Setting environment variables..
[2017-09-25T16:05:51.664Z] INFO  [2799]  : Running AddonsBefore for command CMD-PreInit...
[2017-09-25T16:05:53.656Z] DEBUG [2799]  : Running stages of Command CMD-PreInit from stage 0 to stage 0...
[2017-09-25T16:05:53.656Z] INFO  [2799]  : Running stage 0 of command CMD-PreInit...
[2017-09-25T16:05:53.657Z] DEBUG [2799]  : Loaded 2 actions for stage 0.
[2017-09-25T16:05:53.657Z] INFO  [2799]  : Running 1 of 2 actions: DownloadSourceBundle...
[2017-09-25T16:05:54.090Z] INFO  [2799]  : Running 2 of 2 actions: PreInitHook...
[2017-09-25T16:05:54.435Z] INFO  [2799]  : Running AddonsAfter for command CMD-PreInit...
[2017-09-25T16:05:54.435Z] INFO  [2799]  : Command CMD-PreInit succeeded!
[2017-09-25T16:05:54.435Z] INFO  [2799]  : Command processor returning results: 
{"status":"SUCCESS","api_version":"1.0","results":[{"status":"SUCCESS","msg":"","returncode":0,"events":[]}]}
******************* End of taillog *******************


[2017-09-25T16:05:54.764Z] Tailing /var/log/eb-activity.log

******************* eb-activity taillog *******************
  
  Installed:
    awslogs.noarch 0:1.1.2-1.10.amzn1                                             
  
  Dependency Installed:
    aws-cli-plugin-cloudwatch-logs.noarch 0:1.3.3-1.15.amzn1                      
  
  Complete!
  + cat
  ++ sed 's/.$//'
  ++ curl 169.254.169.254/latest/meta-data/placement/availability-zone
    % Total    % Received % Xferd  Average Speed   Time    Time     Time  Current
                                   Dload  Upload   Total   Spent    Left  Speed
    0     0    0     0    0     0      0      0 --:--:-- --:--:-- --:--:--     0100    13  100    13    0     0  10252      0 --:--:-- --:--:-- --:--:-- 13000
  + region=ca-central-1
  + sed -i -e 's/region = us-east-1/region = ca-central-1/g' /etc/awslogs/awscli.conf
  + /opt/elasticbeanstalk/bin/log-conf -n awslogs -l/var/log/awslogs.log
[2017-09-25T16:05:53.656Z] INFO  [2799]  - [Initialization/AddonsBefore/InstallCWLAgent] : Completed activity. Result:
  Successfully execute hooks in directory /opt/elasticbeanstalk/addons/logstreaming/hooks/install.
[2017-09-25T16:05:53.656Z] INFO  [2799]  - [Initialization/AddonsBefore] : Completed activity.
[2017-09-25T16:05:53.656Z] INFO  [2799]  - [Initialization/PreInitStage0] : Starting activity...
[2017-09-25T16:05:53.657Z] INFO  [2799]  - [Initialization/PreInitStage0/DownloadSourceBundle] : Starting activity...
[2017-09-25T16:05:54.090Z] INFO  [2799]  - [Initialization/PreInitStage0/DownloadSourceBundle] : Completed activity. Result:
  [2017-09-25T16:05:53.753Z] INFO  [2869]  : Application version will be saved to /opt/elasticbeanstalk/deploy/appsource.
  [2017-09-25T16:05:53.753Z] INFO  [2869]  : Using manifest cache with deployment ID 1 and serial 1.
  [2017-09-25T16:05:53.753Z] INFO  [2869]  : Attempting to download application source bundle to: '/opt/elasticbeanstalk/deploy/appsource/source_bundle'.
  [2017-09-25T16:05:53.753Z] INFO  [2869]  : Using computed s3 key.
  [2017-09-25T16:05:53.862Z] INFO  [2869]  : Downloading from bucket 'elasticbeanstalk-ca-central-1-258687909003' with key 'resources/environments/e-xn2muhxawc/_runtime/_versions/Open Weather API Wrapper/open weather api wrapper-source' and version '' to '/opt/elasticbeanstalk/deploy/appsource/source_bundle'.
  [2017-09-25T16:05:53.910Z] INFO  [2869]  : Size: 15153952, ETag: "5a30435cac51da03625744167641c1ca", Metadata: {"environmentid"=>"e-xn2muhxawc", "requestid"=>"40f88c1f-a20b-11e7-bfe2-9baf13479c04"}.
  [2017-09-25T16:05:54.082Z] INFO  [2869]  : Downloaded size: 15153952.
  [2017-09-25T16:05:54.082Z] INFO  [2869]  : Successfully downloaded to '/opt/elasticbeanstalk/deploy/appsource/source_bundle'.
[2017-09-25T16:05:54.090Z] INFO  [2799]  - [Initialization/PreInitStage0/PreInitHook] : Starting activity...
[2017-09-25T16:05:54.090Z] INFO  [2799]  - [Initialization/PreInitStage0/PreInitHook/01_install_dependencies.sh] : Starting activity...
[2017-09-25T16:05:54.172Z] INFO  [2799]  - [Initialization/PreInitStage0/PreInitHook/01_install_dependencies.sh] : Completed activity.
[2017-09-25T16:05:54.172Z] INFO  [2799]  - [Initialization/PreInitStage0/PreInitHook/01_install_procfile.sh] : Starting activity...
[2017-09-25T16:05:54.253Z] INFO  [2799]  - [Initialization/PreInitStage0/PreInitHook/01_install_procfile.sh] : Completed activity.
[2017-09-25T16:05:54.253Z] INFO  [2799]  - [Initialization/PreInitStage0/PreInitHook/01_install_proxy.sh] : Starting activity...
[2017-09-25T16:05:54.335Z] INFO  [2799]  - [Initialization/PreInitStage0/PreInitHook/01_install_proxy.sh] : Completed activity.
[2017-09-25T16:05:54.335Z] INFO  [2799]  - [Initialization/PreInitStage0/PreInitHook/01_install_xray_daemon.sh] : Starting activity...
[2017-09-25T16:05:54.435Z] INFO  [2799]  - [Initialization/PreInitStage0/PreInitHook/01_install_xray_daemon.sh] : Completed activity. Result:
  Executing: /bin/chown -R xray:xray /var/log/xray
  
[2017-09-25T16:05:54.435Z] INFO  [2799]  - [Initialization/PreInitStage0/PreInitHook] : Completed activity. Result:
  Successfully execute hooks in directory /opt/elasticbeanstalk/hooks/preinit.
[2017-09-25T16:05:54.435Z] INFO  [2799]  - [Initialization/PreInitStage0] : Completed activity. Result:
  Initialization - Command CMD-PreInit stage 0 completed
[2017-09-25T16:05:54.435Z] INFO  [2799]  - [Initialization/AddonsAfter] : Starting activity...
[2017-09-25T16:05:54.435Z] INFO  [2799]  - [Initialization/AddonsAfter] : Completed activity.
[2017-09-25T16:05:54.435Z] INFO  [2799]  - [Initialization] : Completed activity. Result:
  Initialization - Command CMD-PreInit succeeded
******************* End of taillog *******************


[2017-09-25T16:05:54.774Z] Tailing /var/log/eb-tools.log

******************* eb-tools taillog *******************
***eb-tools is not available yet.***
******************* End of taillog *******************


[2017-09-25T16:05:54.781Z] Tailing /var/log/eb-version-deployment.log

******************* eb-version-deployment taillog *******************
***eb-version-deployment is not available yet.***
******************* End of taillog *******************


[2017-09-25T16:05:54.788Z] Tailing /var/log/cfn-init.log

******************* cfn-init taillog *******************
2017-09-25 16:05:50,399 [INFO] -----------------------Starting build-----------------------
2017-09-25 16:05:50,406 [INFO] Running configSets: _OnInstanceBoot
2017-09-25 16:05:50,409 [INFO] Running configSet _OnInstanceBoot
2017-09-25 16:05:50,414 [INFO] Running config AWSEBBaseConfig
2017-09-25 16:05:50,418 [INFO] Command clearbackupfiles succeeded
2017-09-25 16:05:50,424 [INFO] Running config AWSEBMessageOfTheDay
2017-09-25 16:05:50,428 [INFO] Command 01clearoriginal succeeded
2017-09-25 16:05:50,431 [INFO] Command 02createbanner succeeded
2017-09-25 16:05:50,440 [INFO] Command 03updatebanner succeeded
2017-09-25 16:05:50,446 [INFO] Running config AWSEBULimitConfig
2017-09-25 16:05:50,449 [INFO] Command 00removebackup succeeded
2017-09-25 16:05:50,454 [INFO] Running config Infra-InstallContainerHooksPkg
2017-09-25 16:05:50,460 [INFO] Command 00mkdir succeeded
2017-09-25 16:05:50,543 [INFO] Command 01download_container_hooks succeeded
2017-09-25 16:05:50,550 [INFO] Command 02install_container_hooks succeeded
2017-09-25 16:05:50,552 [INFO] Command 03cleanup succeeded
2017-09-25 16:05:50,558 [INFO] Running config Infra-WriteLeaderTestScript
2017-09-25 16:05:50,563 [INFO] Running config Infra-WriteTailLogsConf
2017-09-25 16:05:50,568 [INFO] Running config Infra-WriteSystemTailLogsConf
2017-09-25 16:05:50,573 [INFO] Running config Infra-WriteBundleLogsConf
2017-09-25 16:05:50,582 [INFO] Running config Infra-WritePublishLogsConf
2017-09-25 16:05:50,586 [INFO] Running config Infra-WritePublishLogsCron
2017-09-25 16:05:50,588 [INFO] ConfigSets completed
2017-09-25 16:05:50,588 [INFO] -----------------------Build complete-----------------------
******************* End of taillog *******************


[2017-09-25T16:05:54.797Z] Tailing /var/log/cfn-hup.log

******************* cfn-hup taillog *******************
2017-09-25 16:05:51,274 [DEBUG] CloudFormation client initialized with endpoint https://cloudformation.ca-central-1.amazonaws.com
2017-09-25 16:05:51,275 [DEBUG] SQS client initialized with endpoint https://ca-central-1.queue.amazonaws.com
2017-09-25 16:05:51,275 [DEBUG] CloudFormation client initialized with endpoint https://cloudformation.ca-central-1.amazonaws.com
2017-09-25 16:05:51,275 [DEBUG] Enabled single threading mode.
2017-09-25 16:05:51,275 [DEBUG] Creating /var/lib/cfn-hup/data
2017-09-25 16:05:51,281 [DEBUG] Registering listener i-03f18e285f1d8953f for stack arn:aws:cloudformation:ca-central-1:258687909003:stack/awseb-e-xn2muhxawc-stack/435c1e60-a20b-11e7-bc6d-504dce1555d2
2017-09-25 16:05:51,897 [INFO] Refreshing listener credentials
2017-09-25 16:05:51,897 [DEBUG] Get listener credentials for listener i-03f18e285f1d8953f in stack arn:aws:cloudformation:ca-central-1:258687909003:stack/awseb-e-xn2muhxawc-stack/435c1e60-a20b-11e7-bc6d-504dce1555d2
2017-09-25 16:05:52,114 [INFO] Scheduling next credential refresh in 7200 seconds
2017-09-25 16:05:52,115 [DEBUG] Receiving messages for queue https://ca-central-1.queue.amazonaws.com/040566237091/5d0355295cb7c30270177a5b006798e5da538d3c1243935b10f9c08efe7f5591
******************* End of taillog *******************


[2017-09-25T16:05:54.807Z] Completed EB Bootstrapping Script.
+ exit 0
25 Sep 16:05:58 ntpdate[2643]: step time server 206.108.0.132 offset 0.622100 sec
Starting ntpd: [  OK  ]
